{
  "/Users/bob/Documents/PROJECTS/unheard-prod/src/store/chat-store.ts": {
    "path": "/Users/bob/Documents/PROJECTS/unheard-prod/src/store/chat-store.ts",
    "statementMap": {
      "0": {
        "start": { "line": 27, "column": 13 },
        "end": { "line": 122, "column": null }
      },
      "1": {
        "start": { "line": 29, "column": 25 },
        "end": { "line": 117, "column": null }
      },
      "2": {
        "start": { "line": 42, "column": 8 },
        "end": { "line": 48, "column": null }
      },
      "3": {
        "start": { "line": 43, "column": 20 },
        "end": { "line": 45, "column": null }
      },
      "4": {
        "start": { "line": 51, "column": 8 },
        "end": { "line": 61, "column": null }
      },
      "5": {
        "start": { "line": 52, "column": 20 },
        "end": { "line": 58, "column": null }
      },
      "6": {
        "start": { "line": 54, "column": 14 },
        "end": { "line": 56, "column": null }
      },
      "7": {
        "start": { "line": 64, "column": 8 },
        "end": { "line": 74, "column": null }
      },
      "8": {
        "start": { "line": 65, "column": 20 },
        "end": { "line": 71, "column": null }
      },
      "9": {
        "start": { "line": 67, "column": 14 },
        "end": { "line": 67, "column": null }
      },
      "10": {
        "start": { "line": 76, "column": 25 },
        "end": { "line": 76, "column": null }
      },
      "11": {
        "start": { "line": 79, "column": 8 },
        "end": { "line": 79, "column": null }
      },
      "12": {
        "start": { "line": 82, "column": 8 },
        "end": { "line": 91, "column": null }
      },
      "13": {
        "start": { "line": 83, "column": 20 },
        "end": { "line": 88, "column": null }
      },
      "14": {
        "start": { "line": 94, "column": 8 },
        "end": { "line": 106, "column": null }
      },
      "15": {
        "start": { "line": 109, "column": 8 },
        "end": { "line": 109, "column": null }
      },
      "16": {
        "start": { "line": 112, "column": 22 },
        "end": { "line": 112, "column": null }
      },
      "17": {
        "start": { "line": 113, "column": 24 },
        "end": { "line": 113, "column": null }
      },
      "18": {
        "start": { "line": 114, "column": 8 },
        "end": { "line": 114, "column": null }
      },
      "19": {
        "start": { "line": 115, "column": 8 },
        "end": { "line": 115, "column": null }
      }
    },
    "fnMap": {
      "0": {
        "name": "(anonymous_0)",
        "decl": {
          "start": { "line": 29, "column": 4 },
          "end": { "line": 29, "column": 5 }
        },
        "loc": {
          "start": { "line": 29, "column": 25 },
          "end": { "line": 117, "column": null }
        },
        "line": 29
      },
      "1": {
        "name": "(anonymous_1)",
        "decl": {
          "start": { "line": 41, "column": 18 },
          "end": { "line": 41, "column": null }
        },
        "loc": {
          "start": { "line": 42, "column": 8 },
          "end": { "line": 48, "column": null }
        },
        "line": 42
      },
      "2": {
        "name": "(anonymous_2)",
        "decl": {
          "start": { "line": 43, "column": 10 },
          "end": { "line": 43, "column": 20 }
        },
        "loc": {
          "start": { "line": 43, "column": 20 },
          "end": { "line": 45, "column": null }
        },
        "line": 43
      },
      "3": {
        "name": "(anonymous_3)",
        "decl": {
          "start": { "line": 50, "column": 30 },
          "end": { "line": 50, "column": 31 }
        },
        "loc": {
          "start": { "line": 51, "column": 8 },
          "end": { "line": 61, "column": null }
        },
        "line": 51
      },
      "4": {
        "name": "(anonymous_4)",
        "decl": {
          "start": { "line": 52, "column": 10 },
          "end": { "line": 52, "column": 20 }
        },
        "loc": {
          "start": { "line": 52, "column": 20 },
          "end": { "line": 58, "column": null }
        },
        "line": 52
      },
      "5": {
        "name": "(anonymous_5)",
        "decl": {
          "start": { "line": 53, "column": 41 },
          "end": { "line": 53, "column": null }
        },
        "loc": {
          "start": { "line": 54, "column": 14 },
          "end": { "line": 56, "column": null }
        },
        "line": 54
      },
      "6": {
        "name": "(anonymous_6)",
        "decl": {
          "start": { "line": 63, "column": 25 },
          "end": { "line": 63, "column": null }
        },
        "loc": {
          "start": { "line": 64, "column": 8 },
          "end": { "line": 74, "column": null }
        },
        "line": 64
      },
      "7": {
        "name": "(anonymous_7)",
        "decl": {
          "start": { "line": 65, "column": 10 },
          "end": { "line": 65, "column": 20 }
        },
        "loc": {
          "start": { "line": 65, "column": 20 },
          "end": { "line": 71, "column": null }
        },
        "line": 65
      },
      "8": {
        "name": "(anonymous_8)",
        "decl": {
          "start": { "line": 66, "column": 41 },
          "end": { "line": 66, "column": null }
        },
        "loc": {
          "start": { "line": 67, "column": 14 },
          "end": { "line": 67, "column": null }
        },
        "line": 67
      },
      "9": {
        "name": "(anonymous_9)",
        "decl": {
          "start": { "line": 76, "column": 16 },
          "end": { "line": 76, "column": 25 }
        },
        "loc": {
          "start": { "line": 76, "column": 25 },
          "end": { "line": 76, "column": null }
        },
        "line": 76
      },
      "10": {
        "name": "(anonymous_10)",
        "decl": {
          "start": { "line": 78, "column": 19 },
          "end": { "line": 78, "column": null }
        },
        "loc": {
          "start": { "line": 79, "column": 8 },
          "end": { "line": 79, "column": null }
        },
        "line": 79
      },
      "11": {
        "name": "(anonymous_11)",
        "decl": {
          "start": { "line": 81, "column": 26 },
          "end": { "line": 81, "column": 27 }
        },
        "loc": {
          "start": { "line": 82, "column": 8 },
          "end": { "line": 91, "column": null }
        },
        "line": 82
      },
      "12": {
        "name": "(anonymous_12)",
        "decl": {
          "start": { "line": 83, "column": 10 },
          "end": { "line": 83, "column": 20 }
        },
        "loc": {
          "start": { "line": 83, "column": 20 },
          "end": { "line": 88, "column": null }
        },
        "line": 83
      },
      "13": {
        "name": "(anonymous_13)",
        "decl": {
          "start": { "line": 93, "column": 25 },
          "end": { "line": 93, "column": null }
        },
        "loc": {
          "start": { "line": 94, "column": 8 },
          "end": { "line": 106, "column": null }
        },
        "line": 94
      },
      "14": {
        "name": "(anonymous_14)",
        "decl": {
          "start": { "line": 108, "column": 20 },
          "end": { "line": 108, "column": null }
        },
        "loc": {
          "start": { "line": 109, "column": 8 },
          "end": { "line": 109, "column": null }
        },
        "line": 109
      },
      "15": {
        "name": "(anonymous_15)",
        "decl": {
          "start": { "line": 111, "column": 22 },
          "end": { "line": 111, "column": 28 }
        },
        "loc": {
          "start": { "line": 111, "column": 28 },
          "end": { "line": 116, "column": null }
        },
        "line": 111
      }
    },
    "branchMap": {
      "0": {
        "loc": {
          "start": { "line": 54, "column": 14 },
          "end": { "line": 56, "column": null }
        },
        "type": "cond-expr",
        "locations": [
          {
            "start": { "line": 55, "column": 18 },
            "end": { "line": 55, "column": null }
          },
          {
            "start": { "line": 56, "column": 18 },
            "end": { "line": 56, "column": null }
          }
        ],
        "line": 54
      },
      "1": {
        "loc": {
          "start": { "line": 67, "column": 14 },
          "end": { "line": 67, "column": null }
        },
        "type": "cond-expr",
        "locations": [
          {
            "start": { "line": 67, "column": 30 },
            "end": { "line": 67, "column": 72 }
          },
          {
            "start": { "line": 67, "column": 72 },
            "end": { "line": 67, "column": null }
          }
        ],
        "line": 67
      }
    },
    "s": {
      "0": 1,
      "1": 1,
      "2": 13,
      "3": 13,
      "4": 8,
      "5": 8,
      "6": 9,
      "7": 3,
      "8": 3,
      "9": 4,
      "10": 4,
      "11": 4,
      "12": 9,
      "13": 9,
      "14": 1,
      "15": 7,
      "16": 5,
      "17": 5,
      "18": 5,
      "19": 5
    },
    "f": {
      "0": 1,
      "1": 13,
      "2": 13,
      "3": 8,
      "4": 8,
      "5": 9,
      "6": 3,
      "7": 3,
      "8": 4,
      "9": 4,
      "10": 4,
      "11": 9,
      "12": 9,
      "13": 1,
      "14": 7,
      "15": 5
    },
    "b": { "0": [8, 1], "1": [3, 1] },
    "meta": {
      "lastBranch": 2,
      "lastFunction": 16,
      "lastStatement": 20,
      "seen": {
        "s:27:13:122:Infinity": 0,
        "f:29:4:29:5": 0,
        "s:29:25:117:Infinity": 1,
        "f:41:18:41:Infinity": 1,
        "s:42:8:48:Infinity": 2,
        "f:43:10:43:20": 2,
        "s:43:20:45:Infinity": 3,
        "f:50:30:50:31": 3,
        "s:51:8:61:Infinity": 4,
        "f:52:10:52:20": 4,
        "s:52:20:58:Infinity": 5,
        "f:53:41:53:Infinity": 5,
        "s:54:14:56:Infinity": 6,
        "b:55:18:55:Infinity:56:18:56:Infinity": 0,
        "f:63:25:63:Infinity": 6,
        "s:64:8:74:Infinity": 7,
        "f:65:10:65:20": 7,
        "s:65:20:71:Infinity": 8,
        "f:66:41:66:Infinity": 8,
        "s:67:14:67:Infinity": 9,
        "b:67:30:67:72:67:72:67:Infinity": 1,
        "f:76:16:76:25": 9,
        "s:76:25:76:Infinity": 10,
        "f:78:19:78:Infinity": 10,
        "s:79:8:79:Infinity": 11,
        "f:81:26:81:27": 11,
        "s:82:8:91:Infinity": 12,
        "f:83:10:83:20": 12,
        "s:83:20:88:Infinity": 13,
        "f:93:25:93:Infinity": 13,
        "s:94:8:106:Infinity": 14,
        "f:108:20:108:Infinity": 14,
        "s:109:8:109:Infinity": 15,
        "f:111:22:111:28": 15,
        "s:112:22:112:Infinity": 16,
        "s:113:24:113:Infinity": 17,
        "s:114:8:114:Infinity": 18,
        "s:115:8:115:Infinity": 19
      }
    }
  }
}
